Kerbal Space Program by Squad [version: Unity 2019.2.2f1_ab112815d860]

UnityPlayer.dll caused an Access Violation (0xc0000005)
  in module UnityPlayer.dll at 0033:f4d221fd.

Error occurred at 2021-06-14_101742.
F:\lyj's locker\lyj's games\steam\steamapps\common\Kerbal Space Program 1.11.2\KSP_x64.exe, run by hyt66.

34% physical memory in use.
16295 MB physical memory [10693 MB free].
2206 MB process peak paging file [2205 MB used].
1084 MB process peak working set [1084 MB used].
System Commit Total/Limit/Peak: 7205MB/96295MB/7862MB
System Physical Total/Available: 16295MB/10693MB
System Process Count: 175
System Thread Count: 2357
System Handle Count: 76591
Disk space data for 'C:\Users\hyt66\AppData\Local\Temp\Squad\Kerbal Space Program\Crashes\Crash_2021-06-14_021726539\': 42416381952 bytes free of 128032174080 total.

Read from location 0000000000000000 caused an access violation.

Context:
RDI:    0x0000000000000000  RSI: 0x0000000000000001  RAX:   0x0000000000000000
RBX:    0x0000021e32d04510  RCX: 0x0000021e32d04558  RDX:   0x0000000000000000
RIP:    0x00007ff9f4d221fd  RBP: 0x0000005ebed1d280  SegCs: 0x0000000000000033
EFlags: 0x0000000000010202  RSP: 0x0000005ebed1d180  SegSs: 0x000000000000002b
R8:     0x0000021e32d04790  R9:  0x00000000165b7e18  R10:   0x00007ff9f596e850
R11:    0x0000000000000000  R12: 0x0000000000000000  R13:   0x0000000000000002
R14:    0x0000000000000000  R15: 0x0000000000000000


Bytes at CS:EIP:
48 8b 07 48 8b cf 48 8b 55 a0 ff 90 f8 02 00 00 

Mono DLL loaded successfully at 'F:\lyj's locker\lyj's games\steam\steamapps\common\Kerbal Space Program 1.11.2\MonoBleedingEdge\EmbedRuntime\mono-2.0-bdwgc.dll'.


Stack Trace of Crashed Thread 7936:
0x00007FF9F4D221FD (UnityPlayer) UnityMain
0x00007FF9F4D1FED5 (UnityPlayer) UnityMain
0x00007FF9F4F41279 (UnityPlayer) PAL_Thread_YieldExecution
0x0000021E3438B78A (UnityEngine.CoreModule) UnityEngine.Mesh.Internal_Create()
0x0000021E3438B6FB (UnityEngine.CoreModule) UnityEngine.Mesh..ctor()
0x0000021E3438B163 (Assembly-CSharp) TMPro.TextMeshProUGUI.Awake()
0x0000021E4740DB70 (mscorlib) System.Object.runtime_invoke_void__this__()
0x00007FF9F3FDBC80 (mono-2.0-bdwgc) mono_get_runtime_build_info
0x00007FF9F3F61D92 (mono-2.0-bdwgc) mono_perfcounters_init
0x00007FF9F3F6AD8F (mono-2.0-bdwgc) mono_runtime_invoke
0x00007FF9F4EAB19D (UnityPlayer) PAL_Thread_YieldExecution
0x00007FF9F4EA871A (UnityPlayer) PAL_Thread_YieldExecution
0x00007FF9F4EA87DE (UnityPlayer) PAL_Thread_YieldExecution
0x00007FF9F4ECE4B5 (UnityPlayer) PAL_Thread_YieldExecution
0x00007FF9F4E8CFB0 (UnityPlayer) PAL_Thread_YieldExecution
0x00007FF9F4E8C1AD (UnityPlayer) PAL_Thread_YieldExecution
0x00007FF9F4E8C50C (UnityPlayer) PAL_Thread_YieldExecution
0x00007FF9F4EE0BDB (UnityPlayer) PAL_Thread_YieldExecution
0x00007FF9F4C4A8CE (UnityPlayer) UnityMain
0x00007FF9F4C4AF39 (UnityPlayer) UnityMain
0x00007FF9F4F08C18 (UnityPlayer) PAL_Thread_YieldExecution
0x0000021E343E835A (UnityEngine.CoreModule) UnityEngine.Object.Internal_CloneSingle()
0x0000021E343E81C3 (UnityEngine.CoreModule) UnityEngine.Object.Instantiate()
0x0000021E3444AEFB (Assembly-CSharp) ScreenMessages.CreateTextInstance()
0x0000021E3444A8EB (Assembly-CSharp) ScreenMessages.PostMessage()
0x0000021E3444A6BB (Assembly-CSharp) ScreenMessages.PostMessage()
0x0000021E3444A5F3 (Assembly-CSharp) ScreenMessages.PostScreenMessage()
0x0000021E3442D553 (Assembly-CSharp) KSPLog.LogToScreen()
0x0000021E3442D143 (UnityEngine.CoreModule) <Module>.invoke_void_string_string_LogType()
0x0000021E34418BCC (Assembly-CSharp) KSPLog.LogCallback()
0x0000021E344189DC (UnityEngine.CoreModule) UnityEngine.Application.CallLogCallback()
0x0000021E34418AA3 (UnityEngine.CoreModule) <Module>.runtime_invoke_void_object_object_int_byte()
0x00007FF9F3FDBC80 (mono-2.0-bdwgc) mono_get_runtime_build_info
0x00007FF9F3F61D92 (mono-2.0-bdwgc) mono_perfcounters_init
0x00007FF9F3F6AD8F (mono-2.0-bdwgc) mono_runtime_invoke
0x00007FF9F4EAB19D (UnityPlayer) PAL_Thread_YieldExecution
0x00007FF9F4EA871A (UnityPlayer) PAL_Thread_YieldExecution
0x00007FF9F4EA592E (UnityPlayer) PAL_Thread_YieldExecution
0x00007FF9F4E4DA0F (UnityPlayer) PAL_Thread_YieldExecution
0x00007FF9F52FBFF5 (UnityPlayer) PAL_Memory_Free
0x00007FF9F52FBE67 (UnityPlayer) PAL_Memory_Free
0x00007FF9F4EF0C72 (UnityPlayer) PAL_Thread_YieldExecution
0x0000021E38809B6E (UnityEngine.CoreModule) UnityEngine.DebugLogHandler.Internal_Log()
0x0000021E3880986B (UnityEngine.CoreModule) UnityEngine.DebugLogHandler.LogFormat()
0x0000021E6149A317 (ModuleManager) ModuleManager.UnityLogHandle.InterceptLogHandler.LogFormat()
0x0000021E614E83CE (FerramAerospaceResearch.Base) FerramAerospaceResearch.FARLogHandler.LogException()
0x0000021E614DA583 (FerramAerospaceResearch.Base) FerramAerospaceResearch.Reflection.ReflectionUtils.GetTypes()
0x0000021E614D9E13 (FerramAerospaceResearch.Base) <GetTypes>d__24.MoveNext()
0x0000021E388308CA (mscorlib) System.Collections.Generic.List`1..ctor()
0x0000021E614D96CB (FerramAerospaceResearch.Base) FerramAerospaceResearch.FARAddonLoader.InitTask()
0x0000021E614D9524 (mscorlib) System.Threading.Tasks.Task.InnerInvoke()
0x0000021E614D938B (mscorlib) System.Threading.Tasks.Task.Execute()
0x0000021E614D92F3 (mscorlib) System.Threading.Tasks.Task.ExecutionContextCallback()
0x0000021E6149E226 (mscorlib) System.Threading.ExecutionContext.RunInternal()
0x0000021E6149DD4B (mscorlib) System.Threading.ExecutionContext.Run()
0x0000021E614D9093 (mscorlib) System.Threading.Tasks.Task.ExecuteWithThreadLocal()
0x0000021E614D8993 (mscorlib) System.Threading.Tasks.Task.ExecuteEntry()
0x0000021E614D883B (mscorlib) System.Threading.Tasks.Task.System.Threading.IThreadPoolWorkItem.ExecuteWorkItem()
0x0000021E614D7452 (mscorlib) System.Threading.ThreadPoolWorkQueue.Dispatch()
0x0000021E614D6C33 (mscorlib) System.Threading._ThreadPoolWaitCallback.PerformWaitCallback()
0x0000021E614D6E7D (mscorlib) <Module>.runtime_invoke_bool()
0x00007FF9F3FDBC80 (mono-2.0-bdwgc) mono_get_runtime_build_info
0x00007FF9F3F61D92 (mono-2.0-bdwgc) mono_perfcounters_init
0x00007FF9F3F88BA1 (mono-2.0-bdwgc) mono_threads_set_shutting_down
0x00007FF9F3F8B221 (mono-2.0-bdwgc) mono_threads_set_shutting_down
0x00007FF9F3F857D8 (mono-2.0-bdwgc) mono_threads_set_shutting_down
0x00007FF9F3F85566 (mono-2.0-bdwgc) mono_threads_set_shutting_down
0x00007FFA3B207C24 (KERNEL32) BaseThreadInitThunk
0x00007FFA3B48D721 (ntdll) RtlUserThreadStart

Stacks for Running Threads:

Call Stack for Thread 8200:
0x00007FF9F4115404 (mono-2.0-bdwgc) mono_unity_jit_cleanup
0x00007FF9F3FD4CC2 (mono-2.0-bdwgc) mono_unity_unlock_dynamic_function_access_tables64
0x00007FF9F3FD2F28 (mono-2.0-bdwgc) mono_unity_unlock_dynamic_function_access_tables64
0x00007FF9F3FD6D11 (mono-2.0-bdwgc) mono_unity_unlock_dynamic_function_access_tables64
0x00007FF9F3FDB132 (mono-2.0-bdwgc) mono_get_runtime_build_info
0x00007FF9F40B56C6 (mono-2.0-bdwgc) mono_unity_backtrace_from_context
0x00007FF9F40B76E4 (mono-2.0-bdwgc) mono_unity_backtrace_from_context
0x0000021E459C03A3 (Mono JIT Code) <unknown class>.<unknown method>()
0x0000021E6444F5C3 (System.Xml) System.Xml.Serialization.CodeIdentifier.GetCSharpName()
0x0000021E6444F3EB (System.Xml) System.Xml.Serialization.TypeDesc.get_CSharpName()
0x0000021E6444F26B (System.Xml) System.Xml.Serialization.SourceInfo.CastTo()
0x0000021E6443C543 (System.Xml) System.Xml.Serialization.XmlSerializationWriterILGen.WriteElements()
0x0000021E6444F02B (System.Xml) System.Xml.Serialization.XmlSerializationWriterILGen.WriteMember()
0x0000021E6447AD1B (System.Xml) System.Xml.Serialization.XmlSerializationWriterILGen.GenerateTypeElement()
0x0000021E6447A633 (System.Xml) System.Xml.Serialization.XmlSerializationWriterILGen.GenerateElement()
0x0000021E64475243 (System.Xml) System.Xml.Serialization.TempAssembly.GenerateRefEmitAssembly()
0x0000021E6444A9EB (System.Xml) System.Xml.Serialization.TempAssembly..ctor()
0x0000021E6444A85B (System.Xml) System.Xml.Serialization.XmlSerializer.GenerateTempAssembly()
0x0000021E614FCC13 (System.Xml) System.Xml.Serialization.XmlSerializer..ctor()
0x0000021E614FCAAB (System.Xml) System.Xml.Serialization.XmlSerializer..ctor()
0x0000021E614FC77B (System.Xml) System.Xml.Serialization.XmlSerializer..ctor()
0x0000021E614FC4DB (KerbalEngineer) KerbalEngineer.Settings.SettingHandler.Deserialise()
0x0000021E614FBE1B (KerbalEngineer) KerbalEngineer.Settings.SettingHandler.Load()
0x0000021E614FBBE3 (KerbalEngineer) KerbalEngineer.Settings.GeneralSettings.OnEnable()
0x0000021E614FB2C0 (mscorlib) System.Object.runtime_invoke_void__this__()
0x00007FF9F3FDBC80 (mono-2.0-bdwgc) mono_get_runtime_build_info
0x00007FF9F3F61D92 (mono-2.0-bdwgc) mono_perfcounters_init
0x00007FF9F3F6AD8F (mono-2.0-bdwgc) mono_runtime_invoke
0x00007FF9F4EAB19D (UnityPlayer) PAL_Thread_YieldExecution
0x00007FF9F4EA871A (UnityPlayer) PAL_Thread_YieldExecution
0x00007FF9F4E8D0D9 (UnityPlayer) PAL_Thread_YieldExecution
0x00007FF9F4E8C20F (UnityPlayer) PAL_Thread_YieldExecution
0x00007FF9F4E947E5 (UnityPlayer) PAL_Thread_YieldExecution
0x00007FF9F4ECF16D (UnityPlayer) PAL_Thread_YieldExecution
0x00007FF9F4D7C611 (UnityPlayer) UnityMain
0x00007FF9F4D78429 (UnityPlayer) UnityMain
0x00007FF9F4D781FA (UnityPlayer) UnityMain
0x00007FF9F4E511AB (UnityPlayer) PAL_Thread_YieldExecution
0x00007FF9F4EFE413 (UnityPlayer) PAL_Thread_YieldExecution
0x0000021E343DCE09 (UnityEngine.CoreModule) UnityEngine.GameObject.Internal_AddComponentWithType()
0x0000021E343DCD63 (UnityEngine.CoreModule) UnityEngine.GameObject.AddComponent()
0x0000021E6146EC83 (Assembly-CSharp) AddonLoader.StartAddon()
0x0000021E343FD683 (Assembly-CSharp) AddonLoader.StartAddons()
0x0000021E344417D3 (Assembly-CSharp) <LoadObjects>d__90.MoveNext()
0x0000021E343FC048 (UnityEngine.CoreModule) UnityEngine.SetupCoroutine.InvokeMoveNext()
0x0000021E343FC177 (UnityEngine.CoreModule) <Module>.runtime_invoke_void_object_intptr()
0x00007FF9F3FDBC80 (mono-2.0-bdwgc) mono_get_runtime_build_info
0x00007FF9F3F61D92 (mono-2.0-bdwgc) mono_perfcounters_init
0x00007FF9F3F6AD8F (mono-2.0-bdwgc) mono_runtime_invoke
0x00007FF9F4EAB19D (UnityPlayer) PAL_Thread_YieldExecution
0x00007FF9F4EA871A (UnityPlayer) PAL_Thread_YieldExecution
0x00007FF9F4E94F8A (UnityPlayer) PAL_Thread_YieldExecution
0x00007FF9F4E96608 (UnityPlayer) PAL_Thread_YieldExecution
0x00007FF9F4E95AD3 (UnityPlayer) PAL_Thread_YieldExecution
0x00007FF9F4EF8A93 (UnityPlayer) PAL_Thread_YieldExecution
0x0000021E343FBF29 (UnityEngine.CoreModule) UnityEngine.MonoBehaviour.StartCoroutineManaged2()
0x0000021E343FBCCB (UnityEngine.CoreModule) UnityEngine.MonoBehaviour.StartCoroutine()
0x0000021E3443D88B (Assembly-CSharp) <CreateDatabase>d__71.MoveNext()
0x0000021E343FC048 (UnityEngine.CoreModule) UnityEngine.SetupCoroutine.InvokeMoveNext()
0x0000021E343FC177 (UnityEngine.CoreModule) <Module>.runtime_invoke_void_object_intptr()
0x00007FF9F3FDBC80 (mono-2.0-bdwgc) mono_get_runtime_build_info
0x00007FF9F3F61D92 (mono-2.0-bdwgc) mono_perfcounters_init
0x00007FF9F3F6AD8F (mono-2.0-bdwgc) mono_runtime_invoke
0x00007FF9F4EAB19D (UnityPlayer) PAL_Thread_YieldExecution
0x00007FF9F4EA871A (UnityPlayer) PAL_Thread_YieldExecution
0x00007FF9F4E94F8A (UnityPlayer) PAL_Thread_YieldExecution
0x00007FF9F4E96608 (UnityPlayer) PAL_Thread_YieldExecution
0x00007FF9F4E95AD3 (UnityPlayer) PAL_Thread_YieldExecution
0x00007FF9F4EF8A93 (UnityPlayer) PAL_Thread_YieldExecution
0x0000021E343FBF29 (UnityEngine.CoreModule) UnityEngine.MonoBehaviour.StartCoroutineManaged2()
0x0000021E343FBCCB (UnityEngine.CoreModule) UnityEngine.MonoBehaviour.StartCoroutine()
0x0000021E3443D703 (Assembly-CSharp) GameDatabase.StartLoad()
0x0000021E3443A0EB (Assembly-CSharp) <LoadSystems>d__11.MoveNext()
0x0000021E343FC048 (UnityEngine.CoreModule) UnityEngine.SetupCoroutine.InvokeMoveNext()
0x0000021E343FC177 (UnityEngine.CoreModule) <Module>.runtime_invoke_void_object_intptr()
0x00007FF9F3FDBC80 (mono-2.0-bdwgc) mono_get_runtime_build_info
0x00007FF9F3F61D92 (mono-2.0-bdwgc) mono_perfcounters_init
0x00007FF9F3F6AD8F (mono-2.0-bdwgc) mono_runtime_invoke
0x00007FF9F4EAB19D (UnityPlayer) PAL_Thread_YieldExecution
0x00007FF9F4EA871A (UnityPlayer) PAL_Thread_YieldExecution
0x00007FF9F4E94F8A (UnityPlayer) PAL_Thread_YieldExecution
0x00007FF9F4E96608 (UnityPlayer) PAL_Thread_YieldExecution
0x00007FF9F4E95AD3 (UnityPlayer) PAL_Thread_YieldExecution
0x00007FF9F4EF8A93 (UnityPlayer) PAL_Thread_YieldExecution
0x0000021E343FBF29 (UnityEngine.CoreModule) UnityEngine.MonoBehaviour.StartCoroutineManaged2()
0x0000021E343FBCCB (UnityEngine.CoreModule) UnityEngine.MonoBehaviour.StartCoroutine()
0x0000021E34439EC3 (Assembly-CSharp) LoadingScreen.Start()
0x0000021E4740DB70 (mscorlib) System.Object.runtime_invoke_void__this__()
0x00007FF9F3FDBC80 (mono-2.0-bdwgc) mono_get_runtime_build_info
0x00007FF9F3F61D92 (mono-2.0-bdwgc) mono_perfcounters_init
0x00007FF9F3F6AD8F (mono-2.0-bdwgc) mono_runtime_invoke
0x00007FF9F4EAB19D (UnityPlayer) PAL_Thread_YieldExecution
0x00007FF9F4EA871A (UnityPlayer) PAL_Thread_YieldExecution
0x00007FF9F4E92166 (UnityPlayer) PAL_Thread_YieldExecution
0x00007FF9F4E921FE (UnityPlayer) PAL_Thread_YieldExecution
0x00007FF9F4E8F4E9 (UnityPlayer) PAL_Thread_YieldExecution
0x00007FF9F4C4CFEC (UnityPlayer) UnityMain
0x00007FF9F4D869A7 (UnityPlayer) UnityMain
0x00007FF9F4D86A49 (UnityPlayer) UnityMain
0x00007FF9F4D88A42 (UnityPlayer) UnityMain
0x00007FF9F4B51AC5 (UnityPlayer) PAL_Thread_SupportsThreads
0x00007FF9F4B506AA (UnityPlayer) PAL_Thread_SupportsThreads
0x00007FF9F4B54746 (UnityPlayer) PAL_Thread_SupportsThreads
0x00007FF9F4B580AB (UnityPlayer) UnityMain
ERROR: SymGetSymFromAddr64, GetLastError: '试图访问无效的地址。
' (Address: 00007FF7DB0111F2)
0x00007FF7DB0111F2 (KSP_x64) (function-name not available)
0x00007FFA3B207C24 (KERNEL32) BaseThreadInitThunk
0x00007FFA3B48D721 (ntdll) RtlUserThreadStart


Call Stack for Thread 12052:
0x00007FFA3B4C0834 (ntdll) NtWaitForWorkViaWorkerFactory
0x00007FFA3B453FE0 (ntdll) RtlInitializeResource
0x00007FFA3B207C24 (KERNEL32) BaseThreadInitThunk
0x00007FFA3B48D721 (ntdll) RtlUserThreadStart


Call Stack for Thread 1496:
0x00007FFA3B4C0834 (ntdll) NtWaitForWorkViaWorkerFactory
0x00007FFA3B453FE0 (ntdll) RtlInitializeResource
0x00007FFA3B207C24 (KERNEL32) BaseThreadInitThunk
0x00007FFA3B48D721 (ntdll) RtlUserThreadStart


Call Stack for Thread 604:
0x00007FFA3B4C0834 (ntdll) NtWaitForWorkViaWorkerFactory
0x00007FFA3B453FE0 (ntdll) RtlInitializeResource
0x00007FFA3B207C24 (KERNEL32) BaseThreadInitThunk
0x00007FFA3B48D721 (ntdll) RtlUserThreadStart


Call Stack for Thread 4192:
0x00007FFA3B4BCF24 (ntdll) NtWaitForSingleObject
0x00007FFA386E1E83 (KERNELBASE) WaitForSingleObjectEx
0x00007FF9F3ED5E8F (mono-2.0-bdwgc) mono_conc_hashtable_remove
0x00007FF9F3FC354D (mono-2.0-bdwgc) mono_gc_reference_queue_new
0x00007FF9F3FC2325 (mono-2.0-bdwgc) mono_callspec_parse
0x00007FF9F3F857D8 (mono-2.0-bdwgc) mono_threads_set_shutting_down
0x00007FF9F3F85566 (mono-2.0-bdwgc) mono_threads_set_shutting_down
0x00007FFA3B207C24 (KERNEL32) BaseThreadInitThunk
0x00007FFA3B48D721 (ntdll) RtlUserThreadStart


Call Stack for Thread 9340:
0x00007FFA3B4BCF24 (ntdll) NtWaitForSingleObject
0x00007FFA386E1E83 (KERNELBASE) WaitForSingleObjectEx
0x00007FF9F4D41E45 (UnityPlayer) UnityMain
0x00007FF9F4D42DE9 (UnityPlayer) UnityMain
0x00007FF9F4E1A298 (UnityPlayer) UnityMain
0x00007FFA3B207C24 (KERNEL32) BaseThreadInitThunk
0x00007FFA3B48D721 (ntdll) RtlUserThreadStart


Call Stack for Thread 8780:
0x00007FFA3B4BCF24 (ntdll) NtWaitForSingleObject
0x00007FFA386E1E83 (KERNELBASE) WaitForSingleObjectEx
0x00007FF9F4D41E45 (UnityPlayer) UnityMain
0x00007FF9F4D42DE9 (UnityPlayer) UnityMain
0x00007FF9F4E1A298 (UnityPlayer) UnityMain
0x00007FFA3B207C24 (KERNEL32) BaseThreadInitThunk
0x00007FFA3B48D721 (ntdll) RtlUserThreadStart


Call Stack for Thread 32:
0x00007FFA3B4BCF24 (ntdll) NtWaitForSingleObject
0x00007FFA386E1E83 (KERNELBASE) WaitForSingleObjectEx
0x00007FF9F4D41E45 (UnityPlayer) UnityMain
0x00007FF9F4D42DE9 (UnityPlayer) UnityMain
0x00007FF9F4E1A298 (UnityPlayer) UnityMain
0x00007FFA3B207C24 (KERNEL32) BaseThreadInitThunk
0x00007FFA3B48D721 (ntdll) RtlUserThreadStart


Call Stack for Thread 11360:
0x00007FFA3B4BCF24 (ntdll) NtWaitForSingleObject
0x00007FFA386E1E83 (KERNELBASE) WaitForSingleObjectEx
0x00007FF9F4D41E45 (UnityPlayer) UnityMain
0x00007FF9F4D42DE9 (UnityPlayer) UnityMain
0x00007FF9F4E1A298 (UnityPlayer) UnityMain
0x00007FFA3B207C24 (KERNEL32) BaseThreadInitThunk
0x00007FFA3B48D721 (ntdll) RtlUserThreadStart


Call Stack for Thread 4324:
0x00007FFA3B4BCF24 (ntdll) NtWaitForSingleObject
0x00007FFA386E1E83 (KERNELBASE) WaitForSingleObjectEx
0x00007FF9F4D41E45 (UnityPlayer) UnityMain
0x00007FF9F4D42DE9 (UnityPlayer) UnityMain
0x00007FF9F4E1A298 (UnityPlayer) UnityMain
0x00007FFA3B207C24 (KERNEL32) BaseThreadInitThunk
0x00007FFA3B48D721 (ntdll) RtlUserThreadStart


Call Stack for Thread 13188:
0x00007FFA3B4BCF24 (ntdll) NtWaitForSingleObject
0x00007FFA386E1E83 (KERNELBASE) WaitForSingleObjectEx
0x00007FF9F4D41E45 (UnityPlayer) UnityMain
0x00007FF9F4D42DE9 (UnityPlayer) UnityMain
0x00007FF9F4E1A298 (UnityPlayer) UnityMain
0x00007FFA3B207C24 (KERNEL32) BaseThreadInitThunk
0x00007FFA3B48D721 (ntdll) RtlUserThreadStart


Call Stack for Thread 8648:
0x00007FFA3B4BCF24 (ntdll) NtWaitForSingleObject
0x00007FFA386E1E83 (KERNELBASE) WaitForSingleObjectEx
0x00007FF9F4D41E45 (UnityPlayer) UnityMain
0x00007FF9F4D42DE9 (UnityPlayer) UnityMain
0x00007FF9F4E1A298 (UnityPlayer) UnityMain
0x00007FFA3B207C24 (KERNEL32) BaseThreadInitThunk
0x00007FFA3B48D721 (ntdll) RtlUserThreadStart


Call Stack for Thread 548:
0x00007FFA3B4BCF24 (ntdll) NtWaitForSingleObject
0x00007FFA386E1E83 (KERNELBASE) WaitForSingleObjectEx
0x00007FF9F4D41E45 (UnityPlayer) UnityMain
0x00007FF9F4D42DE9 (UnityPlayer) UnityMain
0x00007FF9F4E1A298 (UnityPlayer) UnityMain
0x00007FFA3B207C24 (KERNEL32) BaseThreadInitThunk
0x00007FFA3B48D721 (ntdll) RtlUserThreadStart


Call Stack for Thread 7248:
0x00007FFA3B4BCF24 (ntdll) NtWaitForSingleObject
0x00007FFA386E1E83 (KERNELBASE) WaitForSingleObjectEx
0x00007FF9F4D41E45 (UnityPlayer) UnityMain
0x00007FF9F4D42DE9 (UnityPlayer) UnityMain
0x00007FF9F4E1A298 (UnityPlayer) UnityMain
0x00007FFA3B207C24 (KERNEL32) BaseThreadInitThunk
0x00007FFA3B48D721 (ntdll) RtlUserThreadStart


Call Stack for Thread 11636:
0x00007FFA3B4BCF24 (ntdll) NtWaitForSingleObject
0x00007FFA386E1E83 (KERNELBASE) WaitForSingleObjectEx
0x00007FF9F4D41E45 (UnityPlayer) UnityMain
0x00007FF9F4D42DE9 (UnityPlayer) UnityMain
0x00007FF9F4E1A298 (UnityPlayer) UnityMain
0x00007FFA3B207C24 (KERNEL32) BaseThreadInitThunk
0x00007FFA3B48D721 (ntdll) RtlUserThreadStart


Call Stack for Thread 1220:
0x00007FFA3B4BCF24 (ntdll) NtWaitForSingleObject
0x00007FFA386E1E83 (KERNELBASE) WaitForSingleObjectEx
0x00007FF9F4D41E45 (UnityPlayer) UnityMain
0x00007FF9F4D42DE9 (UnityPlayer) UnityMain
0x00007FF9F4E1A298 (UnityPlayer) UnityMain
0x00007FFA3B207C24 (KERNEL32) BaseThreadInitThunk
0x00007FFA3B48D721 (ntdll) RtlUserThreadStart


Call Stack for Thread 2660:
0x00007FFA3B4BCF24 (ntdll) NtWaitForSingleObject
ERROR: SymGetSymFromAddr64, GetLastError: '试图访问无效的地址。
' (Address: 00007FFA37B182ED)
0x00007FFA37B182ED (mswsock) (function-name not available)
0x00007FFA37B1F20A (mswsock) Tcpip4_WSHGetWildcardSockaddr
0x00007FFA3A311F7C (WS2_32) select
0x00007FF9F5846913 (UnityPlayer) InitializeNvCloth
0x00007FF9F58385AE (UnityPlayer) InitializeNvCloth
0x00007FF9F51BC5ED (UnityPlayer) PAL_Memory_Free
0x00007FF9F4D418A9 (UnityPlayer) UnityMain
0x00007FF9F4D4293C (UnityPlayer) UnityMain
0x00007FF9F4D419C7 (UnityPlayer) UnityMain
0x00007FF9F4D41D8A (UnityPlayer) UnityMain
0x00007FF9F4D42DE9 (UnityPlayer) UnityMain
0x00007FF9F4E1A298 (UnityPlayer) UnityMain
0x00007FFA3B207C24 (KERNEL32) BaseThreadInitThunk
0x00007FFA3B48D721 (ntdll) RtlUserThreadStart


Call Stack for Thread 9656:
0x00007FFA3B4BCF24 (ntdll) NtWaitForSingleObject
0x00007FFA386E1E83 (KERNELBASE) WaitForSingleObjectEx
0x00007FF9F4D41E45 (UnityPlayer) UnityMain
0x00007FF9F4D42DE9 (UnityPlayer) UnityMain
0x00007FF9F4E1A298 (UnityPlayer) UnityMain
0x00007FFA3B207C24 (KERNEL32) BaseThreadInitThunk
0x00007FFA3B48D721 (ntdll) RtlUserThreadStart


Call Stack for Thread 7116:
0x00007FFA3B4BCF24 (ntdll) NtWaitForSingleObject
0x00007FFA386E1E83 (KERNELBASE) WaitForSingleObjectEx
0x00007FF9F4D41E45 (UnityPlayer) UnityMain
0x00007FF9F4D42DE9 (UnityPlayer) UnityMain
0x00007FF9F4E1A298 (UnityPlayer) UnityMain
0x00007FFA3B207C24 (KERNEL32) BaseThreadInitThunk
0x00007FFA3B48D721 (ntdll) RtlUserThreadStart


Call Stack for Thread 10616:
0x00007FFA3B4BCF24 (ntdll) NtWaitForSingleObject
0x00007FFA386E1E83 (KERNELBASE) WaitForSingleObjectEx
0x00007FF9F4D41E45 (UnityPlayer) UnityMain
0x00007FF9F4D42DE9 (UnityPlayer) UnityMain
0x00007FF9F4E1A298 (UnityPlayer) UnityMain
0x00007FFA3B207C24 (KERNEL32) BaseThreadInitThunk
0x00007FFA3B48D721 (ntdll) RtlUserThreadStart


Call Stack for Thread 4600:
0x00007FFA3B4BCF24 (ntdll) NtWaitForSingleObject
0x00007FFA386E1E83 (KERNELBASE) WaitForSingleObjectEx
0x00007FF9F4D41E45 (UnityPlayer) UnityMain
0x00007FF9F4D42DE9 (UnityPlayer) UnityMain
0x00007FF9F4E1A298 (UnityPlayer) UnityMain
0x00007FFA3B207C24 (KERNEL32) BaseThreadInitThunk
0x00007FFA3B48D721 (ntdll) RtlUserThreadStart


Call Stack for Thread 11132:
0x00007FFA3B4BCF24 (ntdll) NtWaitForSingleObject
0x00007FFA386E1E83 (KERNELBASE) WaitForSingleObjectEx
0x00007FF9F4D41E45 (UnityPlayer) UnityMain
0x00007FF9F4D42DE9 (UnityPlayer) UnityMain
0x00007FF9F4E1A298 (UnityPlayer) UnityMain
0x00007FFA3B207C24 (KERNEL32) BaseThreadInitThunk
0x00007FFA3B48D721 (ntdll) RtlUserThreadStart


Call Stack for Thread 4704:
0x00007FFA3B4BCF24 (ntdll) NtWaitForSingleObject
0x00007FFA386E1E83 (KERNELBASE) WaitForSingleObjectEx
0x00007FF9F4D41E45 (UnityPlayer) UnityMain
0x00007FF9F4D42DE9 (UnityPlayer) UnityMain
0x00007FF9F4E1A298 (UnityPlayer) UnityMain
0x00007FFA3B207C24 (KERNEL32) BaseThreadInitThunk
0x00007FFA3B48D721 (ntdll) RtlUserThreadStart


Call Stack for Thread 2312:
0x00007FFA3B4BCF24 (ntdll) NtWaitForSingleObject
0x00007FFA386E1E83 (KERNELBASE) WaitForSingleObjectEx
0x00007FF9F4D41E45 (UnityPlayer) UnityMain
0x00007FF9F4D42DE9 (UnityPlayer) UnityMain
0x00007FF9F4E1A298 (UnityPlayer) UnityMain
0x00007FFA3B207C24 (KERNEL32) BaseThreadInitThunk
0x00007FFA3B48D721 (ntdll) RtlUserThreadStart


Call Stack for Thread 9912:
0x00007FFA3B4BCF24 (ntdll) NtWaitForSingleObject
0x00007FFA386E1E83 (KERNELBASE) WaitForSingleObjectEx
0x00007FF9F4D41E45 (UnityPlayer) UnityMain
0x00007FF9F4D42DE9 (UnityPlayer) UnityMain
0x00007FF9F4E1A298 (UnityPlayer) UnityMain
0x00007FFA3B207C24 (KERNEL32) BaseThreadInitThunk
0x00007FFA3B48D721 (ntdll) RtlUserThreadStart


Call Stack for Thread 4132:
0x00007FFA3B4BCF24 (ntdll) NtWaitForSingleObject
0x00007FFA386E1E83 (KERNELBASE) WaitForSingleObjectEx
0x00007FF9F4D41E45 (UnityPlayer) UnityMain
0x00007FF9F4D42DE9 (UnityPlayer) UnityMain
0x00007FF9F4E1A298 (UnityPlayer) UnityMain
0x00007FFA3B207C24 (KERNEL32) BaseThreadInitThunk
0x00007FFA3B48D721 (ntdll) RtlUserThreadStart


Call Stack for Thread 8204:
0x00007FFA3B4BCF24 (ntdll) NtWaitForSingleObject
0x00007FFA386E1E83 (KERNELBASE) WaitForSingleObjectEx
0x00007FF9F4D41E45 (UnityPlayer) UnityMain
0x00007FF9F4D42DE9 (UnityPlayer) UnityMain
0x00007FF9F4E1A298 (UnityPlayer) UnityMain
0x00007FFA3B207C24 (KERNEL32) BaseThreadInitThunk
0x00007FFA3B48D721 (ntdll) RtlUserThreadStart


Call Stack for Thread 11860:
0x00007FFA3B4BCF24 (ntdll) NtWaitForSingleObject
0x00007FFA386E1E83 (KERNELBASE) WaitForSingleObjectEx
0x00007FF9F4D41E45 (UnityPlayer) UnityMain
0x00007FF9F4D42DE9 (UnityPlayer) UnityMain
0x00007FF9F4E1A298 (UnityPlayer) UnityMain
0x00007FFA3B207C24 (KERNEL32) BaseThreadInitThunk
0x00007FFA3B48D721 (ntdll) RtlUserThreadStart


Call Stack for Thread 7164:
0x00007FFA3B4BCF24 (ntdll) NtWaitForSingleObject
0x00007FFA386E1E83 (KERNELBASE) WaitForSingleObjectEx
0x00007FF9F4E1B2F4 (UnityPlayer) UnityMain
0x00007FF9F4D85BEC (UnityPlayer) UnityMain
0x00007FF9F4E1A298 (UnityPlayer) UnityMain
0x00007FFA3B207C24 (KERNEL32) BaseThreadInitThunk
0x00007FFA3B48D721 (ntdll) RtlUserThreadStart


Call Stack for Thread 12128:
0x00007FFA3B4BCF24 (ntdll) NtWaitForSingleObject
0x00007FFA386E1E83 (KERNELBASE) WaitForSingleObjectEx
0x00007FF9F4C48D28 (UnityPlayer) UnityMain
0x00007FF9F4E1A298 (UnityPlayer) UnityMain
0x00007FFA3B207C24 (KERNEL32) BaseThreadInitThunk
0x00007FFA3B48D721 (ntdll) RtlUserThreadStart


Call Stack for Thread 6896:
0x00007FFA3B4BD9F4 (ntdll) NtWaitForMultipleObjects
0x00007FFA386F2AD7 (KERNELBASE) WaitForMultipleObjectsEx
0x00007FFA385895A6 (CRYPT32) CryptSIPGetSignedDataMsg
0x00007FFA3B207C24 (KERNEL32) BaseThreadInitThunk
0x00007FFA3B48D721 (ntdll) RtlUserThreadStart


Call Stack for Thread 3732:
0x00007FFA3B4BCF24 (ntdll) NtWaitForSingleObject
0x00007FFA386E1E83 (KERNELBASE) WaitForSingleObjectEx
0x00007FFA094031F6 (nvwgf2umx) NVDEV_Thunk
0x00007FFA0A090F3C (nvwgf2umx) OpenAdapter12
0x00007FFA3B207C24 (KERNEL32) BaseThreadInitThunk
0x00007FFA3B48D721 (ntdll) RtlUserThreadStart


Call Stack for Thread 6660:
0x00007FFA3B4BCF24 (ntdll) NtWaitForSingleObject
0x00007FFA386E1E83 (KERNELBASE) WaitForSingleObjectEx
0x00007FFA094031F6 (nvwgf2umx) NVDEV_Thunk
0x00007FFA0A090F3C (nvwgf2umx) OpenAdapter12
0x00007FFA3B207C24 (KERNEL32) BaseThreadInitThunk
0x00007FFA3B48D721 (ntdll) RtlUserThreadStart


Call Stack for Thread 3808:
0x00007FFA3B4BCF24 (ntdll) NtWaitForSingleObject
0x00007FFA386E1E83 (KERNELBASE) WaitForSingleObjectEx
0x00007FFA094031F6 (nvwgf2umx) NVDEV_Thunk
0x00007FFA0A090F3C (nvwgf2umx) OpenAdapter12
0x00007FFA3B207C24 (KERNEL32) BaseThreadInitThunk
0x00007FFA3B48D721 (ntdll) RtlUserThreadStart


Call Stack for Thread 4136:
0x00007FFA3B4BCF24 (ntdll) NtWaitForSingleObject
0x00007FFA386E1E83 (KERNELBASE) WaitForSingleObjectEx
0x00007FFA094031F6 (nvwgf2umx) NVDEV_Thunk
0x00007FFA0A090F3C (nvwgf2umx) OpenAdapter12
0x00007FFA3B207C24 (KERNEL32) BaseThreadInitThunk
0x00007FFA3B48D721 (ntdll) RtlUserThreadStart


Call Stack for Thread 4004:
0x00007FFA3B4BCF24 (ntdll) NtWaitForSingleObject
0x00007FFA386E1E83 (KERNELBASE) WaitForSingleObjectEx
0x00007FFA09B86E42 (nvwgf2umx) NVDEV_Thunk
0x00007FFA09B85E19 (nvwgf2umx) NVDEV_Thunk
0x00007FFA09B7CC7D (nvwgf2umx) NVDEV_Thunk
0x00007FFA0937AB3A (nvwgf2umx) NVDEV_Thunk
0x00007FFA0A090F3C (nvwgf2umx) OpenAdapter12
0x00007FFA3B207C24 (KERNEL32) BaseThreadInitThunk
0x00007FFA3B48D721 (ntdll) RtlUserThreadStart


Call Stack for Thread 9748:
0x00007FFA3B4BCF24 (ntdll) NtWaitForSingleObject
0x00007FFA386E1E83 (KERNELBASE) WaitForSingleObjectEx
0x00007FFA094031F6 (nvwgf2umx) NVDEV_Thunk
0x00007FFA0A090F3C (nvwgf2umx) OpenAdapter12
0x00007FFA3B207C24 (KERNEL32) BaseThreadInitThunk
0x00007FFA3B48D721 (ntdll) RtlUserThreadStart


Call Stack for Thread 6784:
0x00007FFA3B4BD9F4 (ntdll) NtWaitForMultipleObjects
0x00007FFA386F2AD7 (KERNELBASE) WaitForMultipleObjectsEx
0x00007FFA3A4D9B5B (combase) CStdAsyncStubBuffer_Disconnect
0x00007FFA3A4D99E0 (combase) CStdAsyncStubBuffer_Disconnect
0x00007FFA3A4D980C (combase) CStdAsyncStubBuffer_Disconnect
0x00007FFA3A4D978C (combase) CStdAsyncStubBuffer_Disconnect
0x00007FFA3B207C24 (KERNEL32) BaseThreadInitThunk
0x00007FFA3B48D721 (ntdll) RtlUserThreadStart


Call Stack for Thread 7808:
0x00007FFA3B4C0834 (ntdll) NtWaitForWorkViaWorkerFactory
0x00007FFA3B453FE0 (ntdll) RtlInitializeResource
0x00007FFA3B207C24 (KERNEL32) BaseThreadInitThunk
0x00007FFA3B48D721 (ntdll) RtlUserThreadStart


Call Stack for Thread 7716:
0x00007FFA3B4C0834 (ntdll) NtWaitForWorkViaWorkerFactory
0x00007FFA3B453FE0 (ntdll) RtlInitializeResource
0x00007FFA3B207C24 (KERNEL32) BaseThreadInitThunk
0x00007FFA3B48D721 (ntdll) RtlUserThreadStart


Call Stack for Thread 3964:
0x00007FFA3B4BCF24 (ntdll) NtWaitForSingleObject
0x00007FFA386E1E83 (KERNELBASE) WaitForSingleObjectEx
0x00007FF9F4E1B2F4 (UnityPlayer) UnityMain
0x00007FF9F4B0EEA5 (UnityPlayer) PAL_Thread_SupportsThreads
0x00007FF9F4B186AB (UnityPlayer) PAL_Thread_SupportsThreads
0x00007FF9F4B18788 (UnityPlayer) PAL_Thread_SupportsThreads
0x00007FF9F4E1A298 (UnityPlayer) UnityMain
0x00007FFA3B207C24 (KERNEL32) BaseThreadInitThunk
0x00007FFA3B48D721 (ntdll) RtlUserThreadStart


Call Stack for Thread 2356:
0x00007FFA3B4BCF24 (ntdll) NtWaitForSingleObject
0x00007FFA386E1E83 (KERNELBASE) WaitForSingleObjectEx
0x00007FF9F54CB40A (UnityPlayer) PAL_Timer_WaitForAtLeast
0x00007FF9F54CB35E (UnityPlayer) PAL_Timer_WaitForAtLeast
0x00007FF9F5461526 (UnityPlayer) PAL_Timer_WaitForAtLeast
0x00007FF9F58B2E04 (UnityPlayer) InitializeNvCloth
0x00007FFA3B207C24 (KERNEL32) BaseThreadInitThunk
0x00007FFA3B48D721 (ntdll) RtlUserThreadStart


Call Stack for Thread 9700:
0x00007FFA3B4BCF24 (ntdll) NtWaitForSingleObject
0x00007FFA386E1E83 (KERNELBASE) WaitForSingleObjectEx
0x00007FF9F54AD995 (UnityPlayer) PAL_Timer_WaitForAtLeast
0x00007FF9F546036A (UnityPlayer) PAL_Timer_WaitForAtLeast
0x00007FF9F54614F1 (UnityPlayer) PAL_Timer_WaitForAtLeast
0x00007FF9F58B2E04 (UnityPlayer) InitializeNvCloth
0x00007FFA3B207C24 (KERNEL32) BaseThreadInitThunk
0x00007FFA3B48D721 (ntdll) RtlUserThreadStart


Call Stack for Thread 6808:
0x00007FFA3B4BD524 (ntdll) NtDelayExecution
0x00007FFA386EFC11 (KERNELBASE) SleepEx
0x00007FF9F546051A (UnityPlayer) PAL_Timer_WaitForAtLeast
0x00007FF9F5461554 (UnityPlayer) PAL_Timer_WaitForAtLeast
0x00007FF9F58B2E04 (UnityPlayer) InitializeNvCloth
0x00007FFA3B207C24 (KERNEL32) BaseThreadInitThunk
0x00007FFA3B48D721 (ntdll) RtlUserThreadStart


Call Stack for Thread 6560:
0x00007FFA3B4BCF24 (ntdll) NtWaitForSingleObject
0x00007FFA386E1E83 (KERNELBASE) WaitForSingleObjectEx
0x00007FF9F4D9C985 (UnityPlayer) UnityMain
0x00007FF9F4D9CB19 (UnityPlayer) UnityMain
0x00007FF9F4E1A298 (UnityPlayer) UnityMain
0x00007FFA3B207C24 (KERNEL32) BaseThreadInitThunk
0x00007FFA3B48D721 (ntdll) RtlUserThreadStart


Call Stack for Thread 8568:
0x00007FFA3B4BCF24 (ntdll) NtWaitForSingleObject
0x00007FFA386E1E83 (KERNELBASE) WaitForSingleObjectEx
0x00007FFA094031F6 (nvwgf2umx) NVDEV_Thunk
0x00007FFA0A090F3C (nvwgf2umx) OpenAdapter12
0x00007FFA3B207C24 (KERNEL32) BaseThreadInitThunk
0x00007FFA3B48D721 (ntdll) RtlUserThreadStart


Call Stack for Thread 936:
0x00007FFA3B4BCF24 (ntdll) NtWaitForSingleObject
0x00007FFA386E1E83 (KERNELBASE) WaitForSingleObjectEx
0x00007FFA094031F6 (nvwgf2umx) NVDEV_Thunk
0x00007FFA0A090F3C (nvwgf2umx) OpenAdapter12
0x00007FFA3B207C24 (KERNEL32) BaseThreadInitThunk
0x00007FFA3B48D721 (ntdll) RtlUserThreadStart


Call Stack for Thread 12360:
0x00007FFA3B4BCF24 (ntdll) NtWaitForSingleObject
0x00007FFA386E1E83 (KERNELBASE) WaitForSingleObjectEx
0x00007FFA094031F6 (nvwgf2umx) NVDEV_Thunk
0x00007FFA0A090F3C (nvwgf2umx) OpenAdapter12
0x00007FFA3B207C24 (KERNEL32) BaseThreadInitThunk
0x00007FFA3B48D721 (ntdll) RtlUserThreadStart


Call Stack for Thread 12072:
0x00007FFA3B4BCF24 (ntdll) NtWaitForSingleObject
0x00007FFA386E1E83 (KERNELBASE) WaitForSingleObjectEx
0x00007FFA094031F6 (nvwgf2umx) NVDEV_Thunk
0x00007FFA0A090F3C (nvwgf2umx) OpenAdapter12
0x00007FFA3B207C24 (KERNEL32) BaseThreadInitThunk
0x00007FFA3B48D721 (ntdll) RtlUserThreadStart


Call Stack for Thread 340:
0x00007FFA3B4BCF24 (ntdll) NtWaitForSingleObject
0x00007FFA386E1E83 (KERNELBASE) WaitForSingleObjectEx
0x00007FF9F4D41E45 (UnityPlayer) UnityMain
0x00007FF9F4D42DE9 (UnityPlayer) UnityMain
0x00007FF9F4E1A298 (UnityPlayer) UnityMain
0x00007FFA3B207C24 (KERNEL32) BaseThreadInitThunk
0x00007FFA3B48D721 (ntdll) RtlUserThreadStart


Call Stack for Thread 1920:
0x00007FFA3B4BCFC4 (ntdll) NtRemoveIoCompletion
0x00007FFA37B20BF8 (mswsock) Tcpip4_WSHSetSocketInformation
0x00007FFA3B207C24 (KERNEL32) BaseThreadInitThunk
0x00007FFA3B48D721 (ntdll) RtlUserThreadStart


Call Stack for Thread 3220:
0x00007FFA3B4C0834 (ntdll) NtWaitForWorkViaWorkerFactory
0x00007FFA3B453FE0 (ntdll) RtlInitializeResource
0x00007FFA3B207C24 (KERNEL32) BaseThreadInitThunk
0x00007FFA3B48D721 (ntdll) RtlUserThreadStart


Call Stack for Thread 13108:
0x00007FFA3B4C07D4 (ntdll) NtWaitForAlertByThreadId
0x00007FFA3B480F35 (ntdll) RtlSleepConditionVariableCS
0x00007FFA3871C839 (KERNELBASE) SleepConditionVariableCS
0x00007FF9F3ED112C (mono-2.0-bdwgc) mono_threads_attach_tools_thread
0x00007FF9F3F866D3 (mono-2.0-bdwgc) mono_threads_set_shutting_down
0x0000021E614A01F3 (mscorlib) System.Threading.Thread.SleepInternal()
0x0000021E614A00FB (mscorlib) System.Threading.Thread.Sleep()
0x0000021E6149FAA3 (ModuleManager) ModuleManager.Logging.QueueLogRunner.Run()
0x0000021E6149F143 (ModuleManager) <>c__DisplayClass10_0.<Run>b__0()
0x0000021E6149EF46 (ModuleManager) <>c__DisplayClass0_0.<Start>g__RunAction|0()
0x0000021E6149ED56 (mscorlib) System.Threading.ThreadHelper.ThreadStart_Context()
0x0000021E6149E226 (mscorlib) System.Threading.ExecutionContext.RunInternal()
0x0000021E6149DD4B (mscorlib) System.Threading.ExecutionContext.Run()
0x0000021E6149DB3B (mscorlib) System.Threading.ExecutionContext.Run()
0x0000021E6149DA23 (mscorlib) System.Threading.ThreadHelper.ThreadStart()
0x0000021E543148BE (mscorlib) System.Object.runtime_invoke_void__this__()
0x00007FF9F3FDBC80 (mono-2.0-bdwgc) mono_get_runtime_build_info
0x00007FF9F3F61D92 (mono-2.0-bdwgc) mono_perfcounters_init
0x00007FF9F3F6AF62 (mono-2.0-bdwgc) mono_runtime_invoke_array
0x00007FF9F3F8581F (mono-2.0-bdwgc) mono_threads_set_shutting_down
0x00007FF9F3F85566 (mono-2.0-bdwgc) mono_threads_set_shutting_down
0x00007FFA3B207C24 (KERNEL32) BaseThreadInitThunk
0x00007FFA3B48D721 (ntdll) RtlUserThreadStart


Call Stack for Thread 776:
0x00007FFA3B4C07D4 (ntdll) NtWaitForAlertByThreadId
0x00007FFA3B480F35 (ntdll) RtlSleepConditionVariableCS
0x00007FFA3871C839 (KERNELBASE) SleepConditionVariableCS
0x00007FF9F3ED112C (mono-2.0-bdwgc) mono_threads_attach_tools_thread
0x00007FF9F3F8A071 (mono-2.0-bdwgc) mono_threads_set_shutting_down
0x00007FF9F3F857D8 (mono-2.0-bdwgc) mono_threads_set_shutting_down
0x00007FF9F3F85566 (mono-2.0-bdwgc) mono_threads_set_shutting_down
0x00007FFA3B207C24 (KERNEL32) BaseThreadInitThunk
0x00007FFA3B48D721 (ntdll) RtlUserThreadStart


Call Stack for Thread 10052:
0x00007FFA3B4C07D4 (ntdll) NtWaitForAlertByThreadId
0x00007FFA3B480F35 (ntdll) RtlSleepConditionVariableCS
0x00007FFA3871C839 (KERNELBASE) SleepConditionVariableCS
0x00007FF9F3F8AE77 (mono-2.0-bdwgc) mono_threads_set_shutting_down
0x00007FF9F3F8B228 (mono-2.0-bdwgc) mono_threads_set_shutting_down
0x00007FF9F3F857D8 (mono-2.0-bdwgc) mono_threads_set_shutting_down
0x00007FF9F3F85566 (mono-2.0-bdwgc) mono_threads_set_shutting_down
0x00007FFA3B207C24 (KERNEL32) BaseThreadInitThunk
0x00007FFA3B48D721 (ntdll) RtlUserThreadStart




Stack Memory [0x0000005EBED1D180-0x0000005EBED20000]:
0xbed1d180: 32d04500 0000021e bed1d280 0000005e .E.2........^...
0xbed1d190: 00000000 00000000 00000000 00000000 ................
0xbed1d1a0: bed1d259 0000005e f4b97ecf 00007ff9 Y...^....~......
0xbed1d1b0: 0000000f 00000000 f5c50ba0 00007ff9 ................
0xbed1d1c0: 00000038 00000000 f5c54480 00007ff9 8........D......
0xbed1d1d0: 00000000 00000000 f58f4da8 00007ff9 .........M......
0xbed1d1e0: 0000004d 00000000 61a819a0 0000021e M..........a....
0xbed1d1f0: 00000000 00000000 f596e850 00007ff9 ........P.......
0xbed1d200: 00000000 00000000 00000001 00000000 ................
0xbed1d210: 00000000 00000000 00000000 00000000 ................
0xbed1d220: 32d04790 0000021e 00000004 00000000 .G.2............
0xbed1d230: 00000000 00000001 00000002 0000005e ............^...
0xbed1d240: f597c590 00007ff9 32d047d0 0000021e .........G.2....
0xbed1d250: 00000000 00000000 f4d020f2 00007ff9 ......... ......
0xbed1d260: 32d04798 0000021e 00000000 00000000 .G.2............
0xbed1d270: 00000000 00000000 00000000 00000000 ................
0xbed1d280: 00000000 00000000 32d04798 0000021e .........G.2....
0xbed1d290: 32d04798 0000021e f4cff188 00007ff9 .G.2............
0xbed1d2a0: 00000000 00000000 00000000 00000000 ................
0xbed1d2b0: 00000000 00000000 00000250 00000000 ........P.......
0xbed1d2c0: bed1d3c0 0000005e bed1d3d0 0000005e ....^.......^...
0xbed1d2d0: 00000000 00000000 00000000 00000000 ................
0xbed1d2e0: 00000000 00000000 00000000 00000000 ................
0xbed1d2f0: 00000000 00000000 00000000 00000000 ................
0xbed1d300: 00000000 00000000 00000000 00000000 ................
0xbed1d310: 00000000 00000000 00000000 00000000 ................
0xbed1d320: 00000000 00000000 00000000 00000000 ................
0xbed1d330: 00000000 00000000 bed1db20 0000005e ........ ...^...
0xbed1d340: 61a819a0 0000021e bed1da40 0000005e ...a....@...^...
0xbed1d350: bed1d3ec 0000005e 00000000 00000000 ....^...........
0xbed1d360: bed1d880 0000005e 32d04510 0000021e ....^....E.2....
0xbed1d370: bed1d3d9 0000005e f4d1fed5 00007ff9 ....^...........
0xbed1d380: 00000000 0000021e 00000000 0000005e ............^...
0xbed1d390: 00000002 00000000 f4ba2dd7 00007ff9 .........-......
0xbed1d3a0: bed1d3c0 0000005e bed1d3d0 0000005e ....^.......^...
0xbed1d3b0: fffff988 00000000 32d04510 0000021e .........E.2....
0xbed1d3c0: 03020100 07060504 0b0a0908 00000d0c ................
0xbed1d3d0: 00000000 00000000 00000000 00000000 ................
0xbed1d3e0: 00000000 00000000 00000000 0000005e ............^...
0xbed1d3f0: 32d04510 0000021e f4d126c9 00007ff9 .E.2.....&......
0xbed1d400: 909ce900 0000021e 909ce900 0000021e ................
0xbed1d410: 909ce900 0000021e 909ce900 0000021e ................
0xbed1d420: bed1d880 0000005e 909ce900 0000021e ....^...........
0xbed1d430: bed1d4e0 0000005e f4f41279 00007ff9 ....^...y.......
0xbed1d440: 00000000 0000021e 909ce900 0000021e ................
0xbed1d450: 337dc1d0 0000021e bed1db20 0000005e ..}3.... ...^...
0xbed1d460: bed1db20 0000005e 3438b78a 0000021e  ...^.....84....
0xbed1d470: 909ce900 0000021e 909ce900 0000021e ................
0xbed1d480: 909ce900 0000021e 54315163 0000021e ........cQ1T....
0xbed1d490: bed1e040 0000005e bed1d4e0 0000005e @...^.......^...
0xbed1d4a0: bed1d470 0000005e bed1db20 0000005e p...^... ...^...
0xbed1d4b0: 8f053000 0000021e 8f053000 0000021e .0.......0......
0xbed1d4c0: bed1da40 0000005e 61a819a0 0000021e @...^......a....
0xbed1d4d0: bed1db20 0000005e bed1d880 0000005e  ...^.......^...
0xbed1d4e0: bed1d520 0000005e 3438b6fb 0000021e  ...^.....84....
0xbed1d4f0: 8f053000 0000021e 8f053000 0000021e .0.......0......
0xbed1d500: bed1da40 0000005e 61a819a0 0000021e @...^......a....
0xbed1d510: bed1db20 0000005e 909ce900 0000021e  ...^...........
0xbed1d520: bed1d580 0000005e 3438b163 0000021e ....^...c.84....
0xbed1d530: 00000000 00000000 00000000 00000000 ................
0xbed1d540: 00000000 00000000 520d3678 0000021e ........x6.R....
0xbed1d550: 909ce900 0000021e 8e1c74b0 0000021e .........t......
0xbed1d560: 00000000 00000000 3438af30 0000021e ........0.84....
0xbed1d570: 8f053000 0000021e bed1d880 0000005e .0..........^...
0xbed1d580: bed1d610 0000005e 4740db70 0000021e ....^...p.@G....
0xbed1d590: 00000000 0000005e f3ecbec9 00007ff9 ....^...........
0xbed1d5a0: f5c50ba0 00007ff9 f3eb2399 00007ff9 .........#......
0xbed1d5b0: 00000000 00000000 bed1db20 0000005e ........ ...^...
0xbed1d5c0: 00000000 00000000 00000000 00000000 ................
0xbed1d5d0: 00000000 00000000 00000000 00000000 ................
0xbed1d5e0: 00000000 00000000 52e8bb30 0000021e ........0..R....
0xbed1d5f0: bed1d880 0000005e 52e8bb30 0000021e ....^...0..R....
0xbed1d600: 00000000 00000000 bed1d880 0000005e ............^...
0xbed1d610: bed1d650 0000005e f3fdbc80 00007ff9 P...^...........
0xbed1d620: 5cc5f1c7 00007ff9 bed1d880 0000005e ...\........^...
0xbed1d630: 00000000 0000005e 52e8bb30 0000021e ....^...0..R....
0xbed1d640: 00001f00 00000000 00000000 00007ff9 ................
0xbed1d650: 00000000 00000000 45a25d10 0000021e .........].E....
0xbed1d660: 8f053000 0000021e bed1da40 0000005e .0......@...^...
0xbed1d670: 61a819a0 0000021e 49d92d20 0000021e ...a.... -.I....
0xbed1d680: 00000000 00000000 f4e1bcf3 00007ff9 ................
0xbed1d690: bed1d880 0000005e bed1db20 0000005e ....^... ...^...
0xbed1d6a0: f5c545b0 00007ff9 f532ad83 00007ff9 .E........2.....
0xbed1d6b0: f5c545b0 00007ff9 32ce3c00 0000021e .E.......<.2....
0xbed1d6c0: bed1d7f0 0000005e f4799f7e 00007ff9 ....^...~.y.....
0xbed1d6d0: 32d03330 0000021e f532aee5 00007ff9 03.2......2.....
0xbed1d6e0: 00000010 00000000 00000180 00000000 ................
0xbed1d6f0: 32ca5050 0000021e f4ebfbfb 00007ff9 PP.2............
0xbed1d700: 00000120 00000000 f4b93ec5 00007ff9  ........>......
0xbed1d710: 00000000 00000000 f5c54480 00007ff9 .........D......
0xbed1d720: 00000000 00000000 f5c54480 00007ff9 .........D......
0xbed1d730: 00000000 00000000 520d3678 0000021e ........x6.R....
0xbed1d740: bed1da50 0000005e bed1d7e0 0000005e P...^.......^...
0xbed1d750: bed1d970 0000005e f3f61daf 00007ff9 p...^...........
0xbed1d760: 00000000 00000000 00000000 00000000 ................
0xbed1d770: ffffffff 0000005e 32ab9bc0 0000021e ....^......2....
0xbed1d780: bed1d7e0 0000005e 32ab9df0 0000021e ....^......2....
0xbed1d790: 00000014 00000000 aaaaaaab 2aaaaaaa ...............*
0xbed1d7a0: d0bbd5ee 00004e78 f3f2398a 00007ff9 ....xN...9......
0xbed1d7b0: 00000000 00000000 00000000 00000000 ................
0xbed1d7c0: 8f053000 0000021e aaaaaaab 2aaaaaaa .0.............*
0xbed1d7d0: bed1dcb0 0000005e 52e8bb30 0000021e ....^...0..R....
0xbed1d7e0: bed1db20 0000005e bed1d880 0000005e  ...^.......^...
0xbed1d7f0: bed1da40 0000005e f3f61d92 00007ff9 @...^...........
0xbed1d800: 00000000 0000021e 00000180 00000000 ................
0xbed1d810: 00000000 00000000 00000001 00000000 ................
0xbed1d820: bed1d880 0000005e f4b943b4 00007ff9 ....^....C......
0xbed1d830: 00000004 00000000 bed1d960 0000005e ........`...^...
0xbed1d840: 52e8bb30 0000021e f3f6ad8f 00007ff9 0..R............
0xbed1d850: bed1db20 0000005e 8f053000 0000021e  ...^....0......
0xbed1d860: bed1da40 0000005e bed1d9e0 0000005e @...^.......^...
0xbed1d870: bed1d880 0000005e f532aee5 00007ff9 ....^.....2.....
0xbed1d880: 00000000 00000000 f4ea3c0e 00007ff9 .........<......
0xbed1d890: 00000014 00000000 aaaaaaab 2aaaaaaa ...............*
0xbed1d8a0: bed1d9e0 0000005e f4eab204 00007ff9 ....^...........
0xbed1d8b0: 00000004 00000000 bed1db20 0000005e ........ ...^...
0xbed1d8c0: bed1d9e0 0000005e bed1db20 0000005e ....^... ...^...
0xbed1d8d0: bed1d929 0000005e f4ea65f8 00007ff9 )...^....e......
0xbed1d8e0: 00000000 00007ff9 bed1d9e0 0000005e ............^...
0xbed1d8f0: 52e8bb30 0000021e f4eab19d 00007ff9 0..R............
0xbed1d900: 8f053000 0000021e 00000000 00000000 .0..............
0xbed1d910: f3f6ad20 00007ff9 bed1ded0 0000005e  ...........^...
0xbed1d920: 00000014 00000000 f4ea871a 00007ff9 ................
0xbed1d930: f5c54480 00007ff9 bed1db38 0000005e .D......8...^...
0xbed1d940: bed1db20 0000005e bed1d9e0 0000005e  ...^.......^...
0xbed1d950: bed1db20 0000005e f4eaaf00 00007ff9  ...^...........
0xbed1d960: 00000010 00000000 52e8bb30 0000021e ........0..R....
0xbed1d970: bed1d9e0 0000005e bed1db20 0000005e ....^... ...^...
0xbed1d980: 00000005 00000000 f4ea87de 00007ff9 ................
0xbed1d990: 8f053000 0000021e bed1db38 0000005e .0......8...^...
0xbed1d9a0: 00000000 00000000 000000f0 00000000 ................
0xbed1d9b0: 32d02d30 0000021e f4ece4b5 00007ff9 0-.2............
0xbed1d9c0: 52e8bb30 0000021e 52e8bb30 0000021e 0..R....0..R....
0xbed1d9d0: 52e8bb30 0000021e 00000000 00000000 0..R............
0xbed1d9e0: bed1da51 0000005e bed1daf9 0000005e Q...^.......^...
0xbed1d9f0: 52e8ae00 0000021e f3ef27a2 00007ff9 ...R.....'......
0xbed1da00: bed1dc48 0000005e f4ec9f2c 00007ff9 H...^...,.......
0xbed1da10: 00000000 0000021e 00000000 0000005e ............^...
0xbed1da20: 8f770580 0000021e f4eaab6d 00007ff9 ..w.....m.......
0xbed1da30: 52e8b020 0000021e 00004080 0000005e  ..R.....@..^...
0xbed1da40: 00000000 00000000 00000000 00000000 ................
0xbed1da50: 00000000 00000000 00000000 00000000 ................
0xbed1da60: 00000000 00000000 00000000 00000000 ................
0xbed1da70: 00000000 00000000 00000000 00000000 ................
0xbed1da80: 00000000 00000000 00000000 00000000 ................
0xbed1da90: 00000000 00000000 00000000 00000000 ................
0xbed1daa0: 00000000 00000000 00000000 00000000 ................
0xbed1dab0: 00000014 00000000 f4c4ab67 00007ff9 ........g.......
0xbed1dac0: 00000000 00000000 fffff98a 00000000 ................
0xbed1dad0: 00000000 00007ff9 52e8bb30 0000021e ........0..R....
0xbed1dae0: 8f053000 0000021e 00000000 00000000 .0..............
0xbed1daf0: fffff98a c0240000 00000000 00000000 ......$.........
0xbed1db00: 00000000 00000000 00000101 00000000 ................
0xbed1db10: 00000000 00000000 f4e8cfb0 00007ff9 ................
0xbed1db20: 00000000 00000000 8f053000 0000021e .........0......
0xbed1db30: 32d02d30 0000021e ffffff9c 00000000 0-.2............
0xbed1db40: 32d02d30 0000021e 00000005 00000000 0-.2............
0xbed1db50: 32d02d30 0000021e f4e8c1ad 00007ff9 0-.2............
0xbed1db60: 8f053000 0000021e 00000005 00000000 .0..............
0xbed1db70: 32d043f8 0000021e 00000005 00000000 .C.2............
0xbed1db80: 00000000 0000021e 521d9710 0000021e ...........R....
0xbed1db90: 00000007 00000000 32d04450 0000021e ........PD.2....
0xbed1dba0: fffff98a 00000000 f4e8c50c 00007ff9 ................
0xbed1dbb0: 8f053000 0000021e 32d043f8 0000021e .0.......C.2....
0xbed1dbc0: aaaaaaab 2aaaaaaa 475b2930 0000021e .......*0)[G....
0xbed1dbd0: 00000004 00000000 00000004 00000000 ................
0xbed1dbe0: 475b2930 0000021e f4ee0bdb 00007ff9 0)[G............
0xbed1dbf0: 8f053000 0000021e fffff98a 00000000 .0..............
0xbed1dc00: 00000005 00000000 32d043f8 0000021e .........C.2....
0xbed1dc10: 00000000 00000000 00000000 00000000 ................
0xbed1dc20: 48ace378 0000021e 48bc0310 0000021e x..H.......H....
0xbed1dc30: 00000000 00000000 bed1dff8 0000005e ............^...
0xbed1dc40: 8969fbe0 0000021e 0000000d 00000000 ..i.............
0xbed1dc50: fffff98a 00000000 f4c4a8ce 00007ff9 ................
0xbed1dc60: fffff994 00000000 bed1df90 0000005e ............^...
0xbed1dc70: 77438090 0000021e fffff98a 00000000 ..Cw............
0xbed1dc80: ffffffff 0000021e 00000020 00000000 ........ .......
0xbed1dc90: 48ace378 0000021e 48bc0310 0000021e x..H.......H....
0xbed1dca0: 48ace378 0000021e 48bc0310 0000021e x..H.......H....
0xbed1dcb0: 00000000 00000000 00000001 00007ff9 ................
0xbed1dcc0: 00000000 00000000 00000000 00000000 ................
0xbed1dcd0: 32d02e90 0000021e 00000001 0000021e ...2............
0xbed1dce0: 00000002 00000000 00000014 00000000 ................
0xbed1dcf0: 32d02fb0 0000021e 00000001 00007ff9 ./.2............
0xbed1dd00: 00000002 00000000 00000014 00000000 ................
0xbed1dd10: 32d030d0 0000021e 00000001 00000000 .0.2............
0xbed1dd20: 00000000 00000000 00000014 00000000 ................
0xbed1dd30: 32d031f0 0000021e 00000001 00007ff9 .1.2............
0xbed1dd40: 00000000 00000000 00000014 00000000 ................
0xbed1dd50: 32d03310 0000021e 00000001 00000000 .3.2............
0xbed1dd60: 00000000 00000000 00000014 00000000 ................
0xbed1dd70: 32d03430 0000021e 00000001 00000000 04.2............
0xbed1dd80: 00000000 00000000 00000014 00000000 ................
0xbed1dd90: 32d03550 0000021e 00000001 00000000 P5.2............
0xbed1dda0: 00000000 00000000 00000014 00000000 ................
0xbed1ddb0: 32d03670 0000021e 00000001 00007ff9 p6.2............
0xbed1ddc0: 00000000 00000000 00000014 00000000 ................
0xbed1ddd0: 32d03790 0000021e 00000001 00000000 .7.2............
0xbed1dde0: 00000000 00000000 00000014 00000000 ................
0xbed1ddf0: 32d038b0 0000021e 00000001 00000000 .8.2............
0xbed1de00: 00000000 00000000 00000014 00000000 ................
0xbed1de10: 32d039d0 0000021e 00000001 00000000 .9.2............
0xbed1de20: 00000000 00000000 00000014 00000000 ................
0xbed1de30: 32d03af0 0000021e 00000001 0000021e .:.2............
0xbed1de40: 00000000 00000000 00000014 00000000 ................
0xbed1de50: 32d03c10 0000021e 00000001 00007ff9 .<.2............
0xbed1de60: 00000000 00000000 00000014 00000000 ................
0xbed1de70: 32d03d30 0000021e 00000001 00007ff9 0=.2............
0xbed1de80: 00000000 00000000 00000014 00000000 ................
0xbed1de90: 32d03e50 0000021e 00000001 0000021e P>.2............
0xbed1dea0: 00000000 00000000 00000014 00000000 ................
0xbed1deb0: 32d03f70 0000021e 00000001 0000021e p?.2............
0xbed1dec0: 00000001 00000000 00000014 00000000 ................
0xbed1ded0: 32d04090 0000021e 00000001 00007ff9 .@.2............
0xbed1dee0: 00000000 00000000 00000014 00000000 ................
0xbed1def0: 32d041b0 0000021e 00000001 00007ff9 .A.2............
0xbed1df00: 00000000 00000000 00000014 00000000 ................
0xbed1df10: 32d042d0 0000021e 00000001 0000021e .B.2............
0xbed1df20: 00000000 00000000 00000014 00000000 ................
0xbed1df30: 32d043f0 0000021e 00000001 00007ff9 .C.2............
0xbed1df40: 00000005 00000000 00000014 00000000 ................
0xbed1df50: 88d46380 0000021e 00000000 00000000 .c..............
0xbed1df60: 32d027e0 0000021e f4c4af39 00007ff9 .'.2....9.......
0xbed1df70: fffff98a 0000021e bed1e090 0000005e ............^...
0xbed1df80: 77438090 0000021e 49d98210 0000021e ..Cw.......I....
0xbed1df90: 8a2925e9 0000021e 32cde610 0000021e .%)........2....
0xbed1dfa0: 32cde660 0000021e 32cde810 0000021e `..2.......2....
0xbed1dfb0: 32ce3ba0 0000021e 00000019 00000000 .;.2............
0xbed1dfc0: 00000000 00000000 00000019 00000000 ................
0xbed1dfd0: 00000049 0000021e f3f68e35 00007ff9 I.......5.......
0xbed1dfe0: 00000000 00000000 f4f08c18 00007ff9 ................
0xbed1dff0: 77438090 0000021e 32d027e0 0000021e ..Cw.....'.2....
0xbed1e000: 38125340 0000021e 00000000 00000000 @S.8............
0xbed1e010: 337dc1d0 0000021e 343e835a 0000021e ..}3....Z.>4....
0xbed1e020: 77438090 0000021e 77438090 0000021e ..Cw......Cw....
0xbed1e030: 77438090 0000021e 8a292500 0000021e ..Cw.....%).....
0xbed1e040: bed1ee10 0000005e bed1e090 0000005e ....^.......^...
0xbed1e050: bed1e020 0000005e 8a292500 0000021e  ...^....%).....
0xbed1e060: 77438090 0000021e 49d98210 0000021e ..Cw.......I....
0xbed1e070: 0000000d 00000000 8969fbe0 0000021e ..........i.....
0xbed1e080: 49d98210 0000021e 88d46380 0000021e ...I.....c......
0xbed1e090: bed1e100 0000005e 343e81c3 0000021e ....^.....>4....
0xbed1e0a0: 49d98210 0000021e 8969fbe0 0000021e ...I......i.....
0xbed1e0b0: 49d98210 0000021e 88d46380 0000021e ...I.....c......
0xbed1e0c0: bed1e100 0000005e 38804043 0000021e ....^...C@.8....
0xbed1e0d0: 3f800000 3f800000 38981e80 0000021e ...?...?...8....
0xbed1e0e0: 3f800000 3f800000 536eb230 0000021e ...?...?0.nS....
0xbed1e0f0: 8969fbe0 0000021e 49d98210 0000021e ..i........I....
0xbed1e100: bed1e170 0000005e 3444aefb 0000021e p...^.....D4....
0xbed1e110: bed1e0e0 0000005e 3894d800 0000021e ....^......8....
0xbed1e120: 49da0fc0 0000021e 00000002 00000000 ...I............
0xbed1e130: 40a00000 0000005e 3f800000 3f800000 ...@^......?...?
0xbed1e140: 3f800000 3f800000 3f4ccccd 3f800000 ...?...?..L?...?
0xbed1e150: 00000000 3f800000 00000000 00000000 .......?........
0xbed1e160: 0000000d 00000000 88d46380 0000021e .........c......
0xbed1e170: bed1e260 0000005e 3444a8eb 0000021e `...^.....D4....
0xbed1e180: 00000000 00000000 89cb2b00 0000021e .........+......
0xbed1e190: bed1e1d0 0000005e 5266a14b 0000021e ....^...K.fR....
0xbed1e1a0: 3894d800 0000021e 879f3040 0000021e ...8....@0......
0xbed1e1b0: 00000000 40140000 8969fbe0 0000021e .......@..i.....
0xbed1e1c0: 89cb2b00 0000021e 8c847720 0000021e .+...... w......
0xbed1e1d0: 00000000 00000000 52669ebb 0000021e ..........fR....
0xbed1e1e0: 332ab770 0000021e 49da0fc0 0000021e p.*3.......I....
0xbed1e1f0: 0000000c 00000000 38978660 0000021e ........`..8....
0xbed1e200: 38125340 0000021e 00000000 00000000 @S.8............
0xbed1e210: bed1e2a0 0000005e 3880409b 0000021e ....^....@.8....
0xbed1e220: 0000000b 00000000 3894d800 0000021e ...........8....
0xbed1e230: 00000004 00000000 49da0fc0 0000021e ...........I....
0xbed1e240: 00000003 00000000 49d98210 0000021e ...........I....
0xbed1e250: 330f3f80 0000021e 88d46380 0000021e .?.3.....c......
0xbed1e260: bed1e2f0 0000005e 3444a6bb 0000021e ....^.....D4....
0xbed1e270: 49d9be40 0000021e 33157db0 0000021e @..I.....}.3....
0xbed1e280: 88d46380 0000021e 00000004 00000000 .c..............
0xbed1e290: 40a00000 0000021e 00000002 00000000 ...@............
0xbed1e2a0: bed1e2d8 0000005e 88d46380 0000021e ....^....c......
0xbed1e2b0: 77438090 0000021e 8c847720 0000021e ..Cw.... w......
0xbed1e2c0: 00000000 00000000 3f4ccccd 3f800000 ..........L?...?
0xbed1e2d0: 00000000 3f800000 3f4ccccd 3f800000 .......?..L?...?
0xbed1e2e0: 00000000 3f800000 00000002 00000000 .......?........
0xbed1e2f0: bed1e350 0000005e 3444a5f3 0000021e P...^.....D4....
0xbed1e300: 00000000 00000000 49d9be40 0000021e ........@..I....
0xbed1e310: 33157db0 0000021e 88d46380 0000021e .}.3.....c......
0xbed1e320: 40a00000 00000000 00000002 00000000 ...@............
0xbed1e330: 00000002 00000000 40a00000 0000021e ...........@....
0xbed1e340: 8c847720 0000021e 49d9be40 0000021e  w......@..I....
0xbed1e350: bed1e3d0 0000005e 3442d553 0000021e ....^...S.B4....
0xbed1e360: bed1e3d0 0000005e 3442d377 0000021e ....^...w.B4....
0xbed1e370: 00000020 00000000 00000000 00000000  ...............
0xbed1e380: 0000004b 00000000 00000000 00000000 K...............
0xbed1e390: 88d46380 0000021e 00000004 00000000 .c..............
0xbed1e3a0: 3894d800 0000021e 33036700 0000021e ...8.....g.3....
0xbed1e3b0: 49da0fc0 0000021e 00000001 00000000 ...I............
0xbed1e3c0: 330f3f80 0000021e 33036100 0000021e .?.3.....a.3....
0xbed1e3d0: bed1e450 0000005e 3442d143 0000021e P...^...C.B4....
0xbed1e3e0: 45910200 0000021e 21002001 0000021e ...E..... .!....
0xbed1e3f0: 00000000 00000000 00000049 00000000 ........I.......
0xbed1e400: 33036100 0000021e 00000004 00000000 .a.3............
0xbed1e410: 00000a00 00000000 bed1ead8 0000005e ............^...
0xbed1e420: 34418960 0000021e 00000004 00000000 `.A4............
0xbed1e430: 33036880 0000021e 538d8410 0000021e .h.3.......S....
0xbed1e440: 88d46380 0000021e 49da0fc0 0000021e .c.........I....
0xbed1e450: bed1e4b0 0000005e 34418bcc 0000021e ....^.....A4....
0xbed1e460: 00004030 00000000 00000000 00000000 0@..............
0xbed1e470: 00000049 0000021e 00000000 00000000 I...............
0xbed1e480: 330f3f80 0000021e 00000004 00000000 .?.3............
0xbed1e490: 49da0fc0 0000021e 88d46380 0000021e ...I.....c......
0xbed1e4a0: 00000000 00000000 00000000 00000000 ................
0xbed1e4b0: bed1e510 0000005e 344189dc 0000021e ....^.....A4....
0xbed1e4c0: 00000000 00000000 00000008 00000000 ................
0xbed1e4d0: 00000000 00000000 00000049 0000021e ........I.......
0xbed1e4e0: 00000000 00000000 bed1e9e0 0000005e ............^...
0xbed1e4f0: bed1e9e0 0000005e 538d8410 0000021e ....^......S....
0xbed1e500: bed1ead8 0000005e bed1e810 0000005e ....^.......^...
0xbed1e510: bed1e5a0 0000005e 34418aa3 0000021e ....^.....A4....
0xbed1e520: 00000000 00000000 f3ecbec9 00007ff9 ................
0xbed1e530: 00000000 00000000 459127c0 0000021e .........'.E....
0xbed1e540: 00000008 00000e08 bed1ead8 0000005e ............^...
0xbed1e550: 00000000 00000000 00000000 00000000 ................
0xbed1e560: 00000000 00000000 00000000 00000000 ................
0xbed1e570: 00000000 00000000 520a7310 0000021e .........s.R....
0xbed1e580: bed1e810 0000005e 520a7310 0000021e ....^....s.R....
0xbed1e590: 00000000 00000000 bed1e810 0000005e ............^...
0xbed1e5a0: bed1e5e0 0000005e f3fdbc80 00007ff9 ....^...........
0xbed1e5b0: 5c74d148 00000000 bed1e810 0000005e H.t\........^...
0xbed1e5c0: 00000000 0000005e 520a7310 0000021e ....^....s.R....
0xbed1e5d0: 000000c8 00000000 00000000 0000021e ................
0xbed1e5e0: 00000000 00000fcb 45a25d10 0000021e .........].E....
0xbed1e5f0: 00000000 00000000 bed1e9e0 0000005e ............^...
0xbed1e600: 538d8410 0000021e 49d92d20 0000021e ...S.... -.I....
0xbed1e610: 00000000 00000000 00000000 00000000 ................
0xbed1e620: bed1e810 0000005e bed1ead8 0000005e ....^.......^...
0xbed1e630: 00000000 00000000 00000049 00000000 ........I.......
0xbed1e640: 00004000 00004000 00000000 00000000 .@...@..........
0xbed1e650: 00000000 00000000 93491010 0000021e ..........I.....
0xbed1e660: 00000000 00000000 00000049 00007ffa ........I.......
0xbed1e670: 000001ff 00000032 00000008 00000393 ....2...........
0xbed1e680: 00000000 00000000 44495600 00004149 .........VIDIA..
0xbed1e690: 00000063 00000000 bed1e830 0000005e c.......0...^...
0xbed1e6a0: 00000000 00000000 3b46130d 00007ffa ..........F;....
0xbed1e6b0: 00000000 00000000 00000063 00000000 ........c.......
0xbed1e6c0: 000000dc 00000000 f41bc5db 00007ff9 ................
0xbed1e6d0: 00000000 00000000 000000c8 00000000 ................
0xbed1e6e0: 297d0f70 0000021e 00000000 0000000f p.})............
0xbed1e6f0: 00000063 00000000 533bb420 0000021e c....... .;S....
0xbed1e700: bed1e840 0000005e 45ac0008 0000021e @...^......E....
0xbed1e710: 00000000 00000000 45910cf0 0000021e ...........E....
0xbed1e720: 000000dc 00000000 f3f6c651 00007ff9 ........Q.......
0xbed1e730: d0bbe65e 00004e78 00000004 00000000 ^...xN..........
0xbed1e740: 337dc1d0 0000021e 00000000 00000000 ..}3............
0xbed1e750: 00000000 00000000 337dc1d0 0000021e ..........}3....
0xbed1e760: 00000000 00000000 520a7310 0000021e .........s.R....
0xbed1e770: bed1ead8 0000005e bed1e810 0000005e ....^.......^...
0xbed1e780: bed1e9e0 0000005e f3f61d92 00007ff9 ....^...........
0xbed1e790: bed1e840 0000005e f42152d4 00007ff9 @...^....R!.....
0xbed1e7a0: 88d46380 0000021e 533bc0a0 0000021e .c........;S....
0xbed1e7b0: bed1e810 0000005e bed1e838 0000005e ....^...8...^...
0xbed1e7c0: 00000000 00000000 bed1e8f0 0000005e ............^...
0xbed1e7d0: 520a7310 0000021e f3f6ad8f 00007ff9 .s.R............
0xbed1e7e0: bed1ead8 0000005e 00000000 00000000 ....^...........
0xbed1e7f0: bed1e9e0 0000005e 00000000 00000000 ....^...........
0xbed1e800: bed1e810 0000005e 00000004 00000000 ....^...........
0xbed1e810: 00000000 0000005e f3f6c8c1 00007ff9 ....^...........
0xbed1e820: 00000004 00000000 479571f0 0000021e .........q.G....
0xbed1e830: 00000063 00007ff9 00000000 00000000 c...............
0xbed1e840: 00000000 00000000 0000000c 00000000 ................
0xbed1e850: 00000000 00000000 00000049 00007ff9 ........I.......
0xbed1e860: 00000000 00000201 00000000 00000000 ................
0xbed1e870: bed1e800 0000005e 00000000 00000000 ....^...........
0xbed1e880: 520a7310 0000021e f4eab19d 00007ff9 .s.R............
0xbed1e890: 00000000 00000000 00000000 00000000 ................
0xbed1e8a0: f3f6ad20 00007ff9 00000000 00000000  ...............
0xbed1e8b0: 00000004 00000000 f4ea871a 00007ff9 ................
0xbed1e8c0: 337dc100 0000021e bed1e970 0000005e ..}3....p...^...
0xbed1e8d0: bed1ead8 0000005e bed1e980 0000005e ....^.......^...
0xbed1e8e0: bed1ead8 0000005e f4ea1400 00007ff9 ....^...........
0xbed1e8f0: 00000000 00000000 49da0fc0 0000021e ...........I....
0xbed1e900: 00000000 00000000 00000004 00000000 ................
0xbed1e910: bed1eb39 0000005e f4ea592e 00007ff9 9...^....Y......
0xbed1e920: 00000000 00000000 bed1e970 0000005e ........p...^...
0xbed1e930: 00000000 00000000 0000550f 00000000 .........U......
0xbed1e940: bed1ec80 0000005e f4e4da0f 00007ff9 ....^...........
0xbed1e950: 49da0fc0 0000021e 00000004 00000000 ...I............
0xbed1e960: 49da0fc0 0000021e f5c54180 00007ff9 ...I.....A......
0xbed1e970: 00000000 00000000 00000000 00000000 ................
0xbed1e980: 00000000 00000000 00000000 00000000 ................
0xbed1e990: 00000004 0000005e 00000000 00000000 ....^...........
0xbed1e9a0: 47cf07e0 0000021e 47956fc0 0000021e ...G.....o.G....
0xbed1e9b0: 00000004 00000000 f4b94e75 00007ff9 ........uN......
0xbed1e9c0: 00000000 00000000 f5c50ba0 00007ff9 ................
0xbed1e9d0: 00000000 00000000 bed1ea59 0000005e ........Y...^...
0xbed1e9e0: 88d46380 0000021e 49da0fc0 0000021e .c.........I....
0xbed1e9f0: bed1e990 0000005e bed1e998 0000005e ....^.......^...
0xbed1ea00: 00000000 00000000 00000000 00000000 ................
0xbed1ea10: 00000000 00000000 00000000 00000000 ................
0xbed1ea20: 00000000 00000000 00000000 00000000 ................
0xbed1ea30: 00000000 00000000 00000000 00000000 ................
0xbed1ea40: 00000004 00000004 00000001 00000000 ................
0xbed1ea50: 00000063 00000000 f4e1bcf3 00007ff9 c...............
0xbed1ea60: 00000063 00000000 00000049 00000000 c.......I.......
0xbed1ea70: 00000004 00000000 520a7310 0000021e .........s.R....
0xbed1ea80: 00000000 00000000 00000000 00000000 ................
0xbed1ea90: 00000000 00000000 00000000 00000000 ................
0xbed1eaa0: 00000000 00000000 00000001 00000000 ................
0xbed1eab0: 00000001 00000000 f52fbff5 00007ff9 ........../.....
0xbed1eac0: f5c8bbc8 00007ff9 bed1ec80 0000005e ............^...
0xbed1ead0: 00000000 00000000 00000000 00000000 ................
0xbed1eae0: f5c50ba0 00007ff9 f4b943b4 00007ff9 .........C......
0xbed1eaf0: 61c839a0 0000021e 00000049 00000000 .9.a....I.......
0xbed1eb00: bed1eb71 0000005e 00000001 00000000 q...^...........
0xbed1eb10: 88d468c0 0000021e f3f071e9 00007ff9 .h.......q......
0xbed1eb20: 614da583 0000021e f3f1e259 00007ff9 ..Ma....Y.......
0xbed1eb30: 000000a4 00000000 8cfe7c14 0000021e .........|......
0xbed1eb40: 5241465b 2e307620 302e3631 3a5d322e [FAR v0.16.0.2]:
0xbed1eb50: 69685720 6c20656c 6964616f 5720676e  While loading W
0xbed1eb60: 42646c69 5465756c 736c6f6f 6556202c ildBlueTools, Ve
0xbed1eb70: 00000000 00000000 00000000 00000000 ................
0xbed1eb80: 00000000 00000000 00000000 00000000 ................
0xbed1eb90: bed1eca0 0000005e f52fbe67 00007ff9 ....^...g./.....
0xbed1eba0: 00000000 00000000 00000000 00000000 ................
0xbed1ebb0: 00000000 00000000 f58e2aa0 00007ff9 .........*......
0xbed1ebc0: 00000127 0000021e 000054fd 00000000 '........T......
0xbed1ebd0: 00000063 00000000 f46b480e 00007ff9 c........Hk.....
0xbed1ebe0: 00000000 00000000 47956f00 0000021e .........o.G....
0xbed1ebf0: bed1ed90 0000005e 00000000 00000000 ....^...........
0xbed1ec00: 00000001 00007ff9 00000000 00000000 ................
0xbed1ec10: 00000000 00000000 f46b4a19 00007ff9 .........Jk.....
0xbed1ec20: 00000000 00000000 00000001 0000005e ............^...
0xbed1ec30: 00000004 00000000 479571f0 0000021e .........q.G....
0xbed1ec40: bed1ed90 0000005e f46b4941 00007ff9 ....^...AIk.....
0xbed1ec50: 00000004 00000000 00000000 00000000 ................
0xbed1ec60: bed1ed00 0000005e bed1ed00 0000005e ....^.......^...
0xbed1ec70: 00000000 00000000 00000001 00007ff9 ................
0xbed1ec80: 479571f0 0000021e f58e2000 00007ff9 .q.G..... ......
0xbed1ec90: bed1ebe8 0000005e bed1ec10 0000005e ....^.......^...
0xbed1eca0: f599db80 00007ff9 00000023 ffffffff ........#.......
0xbed1ecb0: 00024000 00000000 00000000 0000021e .@..............
0xbed1ecc0: 00000000 00000000 00000001 00000000 ................
0xbed1ecd0: bed1ed89 0000005e f4ef0c72 00007ff9 ....^...r.......
0xbed1ece0: bed1ed90 0000005e 00024000 00000000 ....^....@......
0xbed1ecf0: 00000000 00000000 00000000 00000000 ................
0xbed1ed00: 8e1c7701 0000021e 47956f50 0000021e .w......Po.G....
0xbed1ed10: 00000063 00000000 8a0b0680 0000021e c...............
0xbed1ed20: 00000063 00000000 00000049 0000021e c.......I.......
0xbed1ed30: 88d468c0 0000021e 00000000 00000000 .h..............
0xbed1ed40: 479571f0 0000021e f58e2000 00007ff9 .q.G..... ......
0xbed1ed50: f58e2000 00007ff9 f58e2000 00007ff9 . ....... ......
0xbed1ed60: f599db80 00007ff9 00000023 ffffffff ........#.......
0xbed1ed70: 00024000 00000000 00000000 0000021e .@..............
0xbed1ed80: 00000000 00000000 00000001 00000000 ................
0xbed1ed90: 479571f0 0000021e 00000063 00000000 .q.G....c.......
0xbed1eda0: 8cfe7c00 0000021e 00000063 00000000 .|......c.......
0xbed1edb0: 00000049 0000021e 904fc480 0000021e I.........O.....
0xbed1edc0: 00000000 00000000 00000004 00000000 ................
0xbed1edd0: 88d468c0 0000021e 00000000 00000000 .h..............
0xbed1ede0: bed1ee60 0000005e 38809b6e 0000021e `...^...n..8....
0xbed1edf0: bed1fbd0 0000005e 8cfe7c00 0000021e ....^....|......
0xbed1ee00: 00000000 00000000 00000000 00000000 ................
0xbed1ee10: bed1f790 0000005e bed1ee60 0000005e ....^...`...^...
0xbed1ee20: bed1edf0 0000005e bed1fbd0 0000005e ....^.......^...
0xbed1ee30: 8969ffa0 0000021e 00000001 00000000 ..i.............
0xbed1ee40: 00000000 00000000 8a0b0680 0000021e ................
0xbed1ee50: 8a3efc60 0000021e 8a0b0480 0000021e `.>.............
0xbed1ee60: bed1eeb0 0000005e 3880986b 0000021e ....^...k..8....
0xbed1ee70: 8a3efc60 0000021e 904fc480 0000021e `.>.......O.....
0xbed1ee80: bed1eec0 0000005e 4740114b 0000021e ....^...K.@G....
0xbed1ee90: 8e1c7750 0000021e 00000000 00000000 Pw..............
0xbed1eea0: 00000004 00000000 00000000 00000000 ................
0xbed1eeb0: bed1ef10 0000005e 6149a317 0000021e ....^.....Ia....
0xbed1eec0: bed1ef10 0000005e 540e1443 0000021e ....^...C..T....
0xbed1eed0: bed1eea0 0000005e bed1fbd0 0000005e ....^.......^...
0xbed1eee0: 904fc480 0000021e 00000001 00000000 ..O.............
0xbed1eef0: 8e1c7750 0000021e 00000000 00000000 Pw..............
0xbed1ef00: 00000004 00000000 8c9d9f00 0000021e ................
0xbed1ef10: bed1ef80 0000005e 614e83ce 0000021e ....^.....Na....
0xbed1ef20: 90290700 0000021e 00000000 00000000 ..).............
0xbed1ef30: 00000000 00000000 49da7fc0 0000021e ...........I....
0xbed1ef40: 904fc480 0000021e 904fc480 0000021e ..O.......O.....
0xbed1ef50: 904fc480 0000021e 8c9d9f00 0000021e ..O.............
0xbed1ef60: 8cfe7c00 0000021e 8eea8e40 0000021e .|......@.......
0xbed1ef70: 904a06e0 0000021e 8a0b0680 0000021e ..J.............
0xbed1ef80: bed1f160 0000005e 614da583 0000021e `...^.....Ma....
0xbed1ef90: 00000000 00000000 91021000 0000021e ................
0xbed1efa0: 00000000 00000000 919f4000 0000021e .........@......
0xbed1efb0: bed1f0e0 0000005e 540dd5e3 0000021e ....^......T....
0xbed1efc0: 8a0b0680 0000021e f3f6e6f0 00007ff9 ................
0xbed1efd0: 00008000 00000000 bed1fbd0 0000005e ............^...
0xbed1efe0: 904a06e0 0000021e 90290700 0000021e ..J.......).....
0xbed1eff0: 8fbda960 0000021e 00000000 00000000 `...............
0xbed1f000: 00000000 00000000 904a06e0 0000021e ..........J.....
0xbed1f010: 00000000 00000000 904a06e0 0000021e ..........J.....
0xbed1f020: 9342b870 0000021e 474011d4 0000021e p.B.......@G....
0xbed1f030: 0000001f 00000000 bed1fbd0 0000005e ............^...
0xbed1f040: 00000000 00000000 904a06e0 0000021e ..........J.....
0xbed1f050: 8cfe7c00 0000021e 8cfe7c00 0000021e .|.......|......
0xbed1f060: 8a3efc60 0000021e 904a06e0 0000021e `.>.......J.....
0xbed1f070: 8eea8e40 0000021e 8cfe7c00 0000021e @........|......
0xbed1f080: 00000000 00000000 8a0b0680 0000021e ................
0xbed1f090: 8a0b0680 0000021e 00008000 00000000 ................
0xbed1f0a0: bed1f790 0000005e bed1f0f0 0000005e ....^.......^...
0xbed1f0b0: bed1f080 0000005e bed1fbd0 0000005e ....^.......^...
0xbed1f0c0: 8e0afdc0 0000021e 3bcdca3b 0000021e ........;..;....
0xbed1f0d0: 00000000 00000000 8a0b0680 0000021e ................
0xbed1f0e0: 45a8c278 0000021e 919f4000 0000021e x..E.....@......
0xbed1f0f0: 90290700 0000021e 9342c020 0000021e ..)..... .B.....
0xbed1f100: 89b45850 0000021e 00000001 00000000 PX..............
0xbed1f110: bed1f160 0000005e 3bcdc8fb 0000021e `...^......;....
0xbed1f120: bed1f160 0000005e 91a26e50 0000021e `...^...Pn......
0xbed1f130: bed1f190 0000005e 47403e83 0000021e ....^....>@G....
0xbed1f140: 000000d5 00000000 8a3f6000 0000021e .........`?.....
0xbed1f150: 9342c1a0 0000021e 8969ffa0 0000021e ..B.......i.....
0xbed1f160: bed1f1e0 0000005e 614d9e13 0000021e ....^.....Ma....
0xbed1f170: 8969ffa0 0000021e 000065c6 00000000 ..i......e......

Module 1
C:\WINDOWS\SYSTEM32\xinput1_3.dll
Image Base: 0x00400000  Image Size: 0x0001e000
File Size:  107368      File Time:  2007-04-04_185422
Version:
   Company:    Microsoft Corporation
   Product:    Microsoft® DirectX for Windows®
   FileDesc:   Microsoft Common Controller API
   FileVer:    9.18.944.0
   ProdVer:    9.18.944.0

Module 2
F:\lyj's locker\lyj's games\steam\steamapps\common\Kerbal Space Program 1.11.2\KSP_x64_Data\Plugins\steam_api64.dll
Image Base: 0x5b840000  Image Size: 0x00041000
File Size:  249120      File Time:  2021-03-20_201518
Version:
   Company:    Valve Corporation
   Product:    Steam Client API
   FileDesc:   Steam Client API
   FileVer:    4.4.91.85
   ProdVer:    1.0.0.1

Crash Report configuration:
 * App Name: Kerbal Space Program
 * App Version: Unity 2019.2.2f1_ab112815d860
 * Mono DLL: F:\lyj's locker\lyj's games\steam\steamapps\common\Kerbal Space Program 1.11.2\MonoBleedingEdge\EmbedRuntime\mono-2.0-bdwgc.dll
 * Bug Reporter App Path: 
 * Crash Report Path: C:\Users\hyt66\AppData\Local\Temp\Squad\Kerbal Space Program\Crashes
 * Is Editor: false

Crash Report metadata:
 * 'ClientReportID' = '9b76b15fae5a2dd488e966bfb334e82e'
 * 'PerformanceReportingEndpoint' = 'https://perf-events.cloud.unity3d.com/api/v2/projects/39811e89-d29d-4faa-bb01-997f3cda24f0/reports'
 * 'ReportJson' = '{"app_build":"","install_mode":"","install_store":"","name":"Squad.Kerbal Space Program","version":"1.11.1","build_guid":"7cf6131423db2b9449a29725acb5823a","build_tags":[],"client_report_id":"9b76b15fae5a2dd488e966bfb334e82e","client_ts":1623637031573,"userid":"c0c9a2c34428b97499b29aa6243952e7","debug_device":false,"cpu":"Intel(R) Core(TM) i7-4790 CPU @ 3.60GHz","cpu_count":8,"cpu_freq":3592,"device_info_flags":2198042570,"rooted_or_jailbroken":false,"device_model":"All Series (ASUS)","device_ram":16294,"screen_size":"1920 x 1080","screen_dpi":96,"refresh_rate":60,"sensor_flags":144,"system_language":"zh","device_type":3,"device_vram":4043,"enabled_vr_devices":[],"gpu_api":2,"gpu_caps":8354815,"gpu_copy_texture_support":31,"gpu_device_id":5058,"gpu_vendor_id":4318,"gpu_driver":"","gpu_max_cubemap_size":16384,"gpu_max_texture_size":16384,"gfx":"NVIDIA GeForce GTX 970","gpu_render_texture_support":511,"gpu_shader_caps":50,"gpu_supported_render_target_count":8,"gpu_texture_format_support":915,"gpu_vendor":"NVIDIA","gpu_version":"Direct3D 11.0 [level 11.1]","is_editor":false,"is_fullscreen":true,"is_wsar_remote":false,"is_ar_app":false,"localprojectid":"5be2ef0cdad9b1344ae103b0d475456b","os_family":2,"os":"Windows 10  (10.0.0) 64bit","platform":"WindowsPlayer","platformid":2,"appid":"39811e89-d29d-4faa-bb01-997f3cda24f0","screen_orientation":1,"scripting_backend":"Mono","sessionid":2419863981672538534,"sdk_ver":"2019.2.2f1","sdk_ver_full":"2019.2.2f1_ab112815d860","vr_device_name":"","vr_device_model":"","counter":1,"log_messages":[],"user_metadata":[]}'

Additional report files:
 * "C:\Users\hyt66\AppData\LocalLow\Squad\Kerbal Space Program\Player.log" (Output log file)



== [end of error.log] ==
